{
  "stats": {
    "suites": 1,
    "tests": 1,
    "passes": 1,
    "pending": 0,
    "failures": 0,
    "start": "2025-06-27T03:07:35.397Z",
    "end": "2025-06-27T03:07:37.372Z",
    "duration": 1975,
    "testsRegistered": 1,
    "passPercent": 100,
    "pendingPercent": 0,
    "other": 0,
    "hasOther": false,
    "skipped": 0,
    "hasSkipped": false
  },
  "results": [
    {
      "uuid": "cd44c118-6194-4039-b79d-925b6c88808b",
      "title": "",
      "fullFile": "cypress\\e2e\\1-getting-started\\produto.cy.js",
      "file": "cypress\\e2e\\1-getting-started\\produto.cy.js",
      "beforeHooks": [],
      "afterHooks": [],
      "tests": [],
      "suites": [
        {
          "uuid": "8fb73134-e391-4cf6-af0c-3c5b849736c0",
          "title": "Adicionar produto ao carrinho",
          "fullFile": "",
          "file": "",
          "beforeHooks": [],
          "afterHooks": [],
          "tests": [
            {
              "title": "Deve adicionar produto ao carrinho com sucesso",
              "fullTitle": "Adicionar produto ao carrinho Deve adicionar produto ao carrinho com sucesso",
              "timedOut": null,
              "duration": 1048,
              "state": "passed",
              "speed": "fast",
              "pass": true,
              "fail": false,
              "pending": false,
              "context": null,
              "code": "_ProdutoPage.default.adicionarProdutoAoCarrinho('Sauce Labs Backpack');\n_ProdutoPage.default.verificarProdutoAdicionadoCarrinho();",
              "err": {},
              "uuid": "cdbee92a-ba1c-4437-bc2c-41ee6eae1be8",
              "parentUUID": "8fb73134-e391-4cf6-af0c-3c5b849736c0",
              "isHook": false,
              "skipped": false
            }
          ],
          "suites": [],
          "passes": [
            "cdbee92a-ba1c-4437-bc2c-41ee6eae1be8"
          ],
          "failures": [],
          "pending": [],
          "skipped": [],
          "duration": 1048,
          "root": false,
          "rootEmpty": false,
          "_timeout": 2000
        }
      ],
      "passes": [],
      "failures": [],
      "pending": [],
      "skipped": [],
      "duration": 0,
      "root": true,
      "rootEmpty": true,
      "_timeout": 2000
    }
  ],
  "meta": {
    "mocha": {
      "version": "7.0.1"
    },
    "mochawesome": {
      "options": {
        "quiet": false,
        "reportFilename": "mochawesome",
        "saveHtml": true,
        "saveJson": true,
        "consoleReporter": "spec",
        "useInlineDiffs": false,
        "code": true
      },
      "version": "7.1.3"
    },
    "marge": {
      "options": {
        "reportDir": "cypress/reports",
        "overwrite": false,
        "html": true,
        "json": true
      },
      "version": "6.2.0"
    }
  }
}