{
  "stats": {
    "suites": 1,
    "tests": 1,
    "passes": 1,
    "pending": 0,
    "failures": 0,
    "start": "2025-06-27T03:07:26.428Z",
    "end": "2025-06-27T03:07:29.681Z",
    "duration": 3253,
    "testsRegistered": 1,
    "passPercent": 100,
    "pendingPercent": 0,
    "other": 0,
    "hasOther": false,
    "skipped": 0,
    "hasSkipped": false
  },
  "results": [
    {
      "uuid": "65353431-d607-4f45-861c-1be02eedd14e",
      "title": "",
      "fullFile": "cypress\\e2e\\1-getting-started\\carrinho.cy.js",
      "file": "cypress\\e2e\\1-getting-started\\carrinho.cy.js",
      "beforeHooks": [],
      "afterHooks": [],
      "tests": [],
      "suites": [
        {
          "uuid": "a3e959ab-e8af-4700-a85d-26f83ccd4075",
          "title": "Validação de produto no carrinho",
          "fullFile": "",
          "file": "",
          "beforeHooks": [],
          "afterHooks": [],
          "tests": [
            {
              "title": "Deve conter o produto correto no carrinho",
              "fullTitle": "Validação de produto no carrinho Deve conter o produto correto no carrinho",
              "timedOut": null,
              "duration": 1933,
              "state": "passed",
              "speed": "fast",
              "pass": true,
              "fail": false,
              "pending": false,
              "context": null,
              "code": "_CarrinhoPage.default.validarProdutoNoCarrinho('Sauce Labs Backpack');",
              "err": {},
              "uuid": "da6e07ae-4f7d-4fce-8c2f-1790e01cbbbe",
              "parentUUID": "a3e959ab-e8af-4700-a85d-26f83ccd4075",
              "isHook": false,
              "skipped": false
            }
          ],
          "suites": [],
          "passes": [
            "da6e07ae-4f7d-4fce-8c2f-1790e01cbbbe"
          ],
          "failures": [],
          "pending": [],
          "skipped": [],
          "duration": 1933,
          "root": false,
          "rootEmpty": false,
          "_timeout": 2000
        }
      ],
      "passes": [],
      "failures": [],
      "pending": [],
      "skipped": [],
      "duration": 0,
      "root": true,
      "rootEmpty": true,
      "_timeout": 2000
    }
  ],
  "meta": {
    "mocha": {
      "version": "7.0.1"
    },
    "mochawesome": {
      "options": {
        "quiet": false,
        "reportFilename": "mochawesome",
        "saveHtml": true,
        "saveJson": true,
        "consoleReporter": "spec",
        "useInlineDiffs": false,
        "code": true
      },
      "version": "7.1.3"
    },
    "marge": {
      "options": {
        "reportDir": "cypress/reports",
        "overwrite": false,
        "html": true,
        "json": true
      },
      "version": "6.2.0"
    }
  }
}